0 info it worked if it ends with ok
1 verbose cli [ '/Users/jason/.nvm/versions/node/v6.3.1/bin/node',
1 verbose cli   '/Users/jason/.nvm/versions/node/v6.3.1/bin/npm',
1 verbose cli   'run',
1 verbose cli   'test-bin' ]
2 info using npm@3.10.3
3 info using node@v6.3.1
4 verbose run-script [ 'pretest-bin', 'test-bin', 'posttest-bin' ]
5 info lifecycle babel-plugin-globalize@1.0.1~pretest-bin: babel-plugin-globalize@1.0.1
6 silly lifecycle babel-plugin-globalize@1.0.1~pretest-bin: no script for pretest-bin, continuing
7 info lifecycle babel-plugin-globalize@1.0.1~test-bin: babel-plugin-globalize@1.0.1
8 verbose lifecycle babel-plugin-globalize@1.0.1~test-bin: unsafe-perm in lifecycle true
9 verbose lifecycle babel-plugin-globalize@1.0.1~test-bin: PATH: /Users/jason/.nvm/versions/node/v6.3.1/lib/node_modules/npm/bin/node-gyp-bin:/Users/jason/src/babel-plugin-globalize/node_modules/.bin:/Users/jason/.nvm/versions/node/v6.3.1/bin:/Users/jason/.nvm/versions/node/v6.3.1/bin:/usr/local/bin:/usr/local/bin:/usr/local/bin:/usr/bin:/bin:/usr/sbin:/sbin:/usr/local/share/dotnet
10 verbose lifecycle babel-plugin-globalize@1.0.1~test-bin: CWD: /Users/jason/src/babel-plugin-globalize
11 silly lifecycle babel-plugin-globalize@1.0.1~test-bin: Args: [ '-c',
11 silly lifecycle   'npm run build && node lib/bin/compile.js test/output/test  -l en ar -o test/output/foo.js -m test/fixtures/messages.json' ]
12 silly lifecycle babel-plugin-globalize@1.0.1~test-bin: Returned: code: 1  signal: null
13 info lifecycle babel-plugin-globalize@1.0.1~test-bin: Failed to exec test-bin script
14 verbose stack Error: babel-plugin-globalize@1.0.1 test-bin: `npm run build && node lib/bin/compile.js test/output/test  -l en ar -o test/output/foo.js -m test/fixtures/messages.json`
14 verbose stack Exit status 1
14 verbose stack     at EventEmitter.<anonymous> (/Users/jason/.nvm/versions/node/v6.3.1/lib/node_modules/npm/lib/utils/lifecycle.js:242:16)
14 verbose stack     at emitTwo (events.js:106:13)
14 verbose stack     at EventEmitter.emit (events.js:191:7)
14 verbose stack     at ChildProcess.<anonymous> (/Users/jason/.nvm/versions/node/v6.3.1/lib/node_modules/npm/lib/utils/spawn.js:40:14)
14 verbose stack     at emitTwo (events.js:106:13)
14 verbose stack     at ChildProcess.emit (events.js:191:7)
14 verbose stack     at maybeClose (internal/child_process.js:852:16)
14 verbose stack     at Process.ChildProcess._handle.onexit (internal/child_process.js:215:5)
15 verbose pkgid babel-plugin-globalize@1.0.1
16 verbose cwd /Users/jason/src/babel-plugin-globalize
17 error Darwin 16.0.0
18 error argv "/Users/jason/.nvm/versions/node/v6.3.1/bin/node" "/Users/jason/.nvm/versions/node/v6.3.1/bin/npm" "run" "test-bin"
19 error node v6.3.1
20 error npm  v3.10.3
21 error code ELIFECYCLE
22 error babel-plugin-globalize@1.0.1 test-bin: `npm run build && node lib/bin/compile.js test/output/test  -l en ar -o test/output/foo.js -m test/fixtures/messages.json`
22 error Exit status 1
23 error Failed at the babel-plugin-globalize@1.0.1 test-bin script 'npm run build && node lib/bin/compile.js test/output/test  -l en ar -o test/output/foo.js -m test/fixtures/messages.json'.
23 error Make sure you have the latest version of node.js and npm installed.
23 error If you do, this is most likely a problem with the babel-plugin-globalize package,
23 error not with npm itself.
23 error Tell the author that this fails on your system:
23 error     npm run build && node lib/bin/compile.js test/output/test  -l en ar -o test/output/foo.js -m test/fixtures/messages.json
23 error You can get information on how to open an issue for this project with:
23 error     npm bugs babel-plugin-globalize
23 error Or if that isn't available, you can get their info via:
23 error     npm owner ls babel-plugin-globalize
23 error There is likely additional logging output above.
24 verbose exit [ 1, true ]
